<?xml version="1.0" encoding="UTF-8"?>
<testsuite xmlns:xsi="http://www.w3.org/2001/XMLSchema-instance" xsi:noNamespaceSchemaLocation="https://maven.apache.org/surefire/maven-surefire-plugin/xsd/surefire-test-report-3.0.xsd" version="3.0" name="InventoryAllocatorTest" time="0.054" tests="9" errors="0" skipped="0" failures="0">
  <properties>
[...]
</properties>
  <testcase name="testGetCheapestShipment_NoOrderedItemAvailable" classname="InventoryAllocatorTest" time="0.01"/>
  <testcase name="testGetCheapestShipment_NullWarehouseList" classname="InventoryAllocatorTest" time="0"/>
  <testcase name="testGetCheapestShipment_NoOrderedItem" classname="InventoryAllocatorTest" time="0.002"/>
  <testcase name="testGetCheapestShipment_NoWarehouses" classname="InventoryAllocatorTest" time="0.001"/>
  <testcase name="testGetCheapestShipment_AllOrderedItemsAvailableAndSpreadOut" classname="InventoryAllocatorTest" time="0.001"/>
  <testcase name="testGetCheapestShipment_SomeOrderedItemsAvailable" classname="InventoryAllocatorTest" time="0.003"/>
  <testcase name="testGetCheapestShipment_LessQuantityAvailableInWarehouses" classname="InventoryAllocatorTest" time="0"/>
  <testcase name="testGetCheapestShipment_NullOrder" classname="InventoryAllocatorTest" time="0.001"/>
  <testcase name="testGetCheapestShipment_AllOrderedItemsAvailableInOneWarehouse" classname="InventoryAllocatorTest" time="0"/>
</testsuite>